<?xml version="1.0" encoding="UTF-8" ?>
<testsuite failures="0" time="0.611" errors="0" skipped="0" tests="5" name="com.etcxm.service.impl.EmployeeServiceImplTest">
  <properties>
[...]
</properties>
  <testcase time="0.007" classname="com.etcxm.service.impl.EmployeeServiceImplTest" name="testList"/>
  <testcase time="0.603" classname="com.etcxm.service.impl.EmployeeServiceImplTest" name="testSave"/>
  <testcase time="0" classname="com.etcxm.service.impl.EmployeeServiceImplTest" name="testDelete"/>
  <testcase time="0" classname="com.etcxm.service.impl.EmployeeServiceImplTest" name="testGetOne"/>
  <testcase time="0.001" classname="com.etcxm.service.impl.EmployeeServiceImplTest" name="testUpdate"/>
</testsuite>